<?xml version="1.0" encoding="UTF-8"?>
<!-- Generated by org.testng.reporters.JUnitReportReporter -->
<testsuite hostname="LAPTOP-17EBEQJ6" failures="0" tests="3" name="parameterizationTest.TestParameterization" time="0.008" errors="0" timestamp="2023-01-07T22:22:25 IST" skipped="0">
  <testcase classname="parameterizationTest.TestParameterization" name="doLogin" time="0.001"/>
  <system-out/>
  <testcase classname="parameterizationTest.TestParameterization" name="doLogin" time="0.006"/>
  <system-out/>
  <testcase classname="parameterizationTest.TestParameterization" name="doLogin" time="0.001"/>
  <system-out/>
</testsuite> <!-- parameterizationTest.TestParameterization -->
