<?xml version="1.0" encoding="UTF-8"?>
<!-- Generated by org.testng.reporters.JUnitReportReporter -->
<testsuite hostname="DESKTOP-NV5OIPA" failures="0" tests="3" name="regressionTest.AnnotationSeqeunces" time="0.019" errors="0" timestamp="2022-05-18T22:51:15 IST" skipped="0">
  <testcase classname="regressionTest.AnnotationSeqeunces" name="test1" time="0.013"/>
  <system-out/>
  <testcase classname="regressionTest.AnnotationSeqeunces" name="test2" time="0.003"/>
  <system-out/>
  <testcase classname="regressionTest.AnnotationSeqeunces" name="test3" time="0.003"/>
  <system-out/>
</testsuite> <!-- regressionTest.AnnotationSeqeunces -->
