<?xml version="1.0" encoding="UTF-8"?>
<!-- Generated by org.testng.reporters.JUnitReportReporter -->
<testsuite hostname="DESKTOP-NV5OIPA" failures="0" tests="3" name="annotationsTest.TestCase1" time="0.021" errors="0" timestamp="2022-05-19T01:25:00 IST" skipped="0">
  <testcase classname="annotationsTest.TestCase1" name="doRegister" time="0.006"/>
  <system-out/>
  <testcase classname="annotationsTest.TestCase1" name="doLogin" time="0.004"/>
  <system-out/>
  <testcase classname="annotationsTest.TestCase1" name="doHomePage" time="0.011"/>
  <system-out/>
</testsuite> <!-- annotationsTest.TestCase1 -->
