<?xml version="1.0" encoding="UTF-8"?>
<!-- Generated by org.testng.reporters.JUnitReportReporter -->
<testsuite hostname="LAPTOP-17EBEQJ6" failures="0" tests="4" name="parameterizationTest.MultipleData" time="0.007" errors="0" timestamp="2023-01-07T23:57:43 IST" skipped="0">
  <testcase classname="parameterizationTest.MultipleData" name="users" time="0.000"/>
  <system-out/>
  <testcase classname="parameterizationTest.MultipleData" name="users" time="0.001"/>
  <system-out/>
  <testcase classname="parameterizationTest.MultipleData" name="doLogin" time="0.001"/>
  <system-out/>
  <testcase classname="parameterizationTest.MultipleData" name="doLogin" time="0.005"/>
  <system-out/>
</testsuite> <!-- parameterizationTest.MultipleData -->
