<?xml version="1.0" encoding="UTF-8"?>
<!-- Generated by org.testng.reporters.JUnitReportReporter -->
<testsuite hostname="LAPTOP-17EBEQJ6" failures="0" tests="2" name="parameterizationTest.TestMultipleDataProviders" time="0.007" errors="0" timestamp="2023-01-07T23:41:22 IST" skipped="0">
  <testcase classname="parameterizationTest.TestMultipleDataProviders" name="doLogin" time="0.005"/>
  <system-out/>
  <testcase classname="parameterizationTest.TestMultipleDataProviders" name="doLogin" time="0.002"/>
  <system-out/>
</testsuite> <!-- parameterizationTest.TestMultipleDataProviders -->
