<?xml version="1.0" encoding="UTF-8"?>
<!-- Generated by org.testng.reporters.JUnitReportReporter -->
<testsuite hostname="LAPTOP-17EBEQJ6" failures="0" tests="4" name="dependenciesTest.TestCase1" time="0.003" errors="0" timestamp="2023-01-07T20:58:03 IST" skipped="0">
  <testcase classname="dependenciesTest.TestCase1" name="doRegister" time="0.001"/>
  <system-out/>
  <testcase classname="dependenciesTest.TestCase1" name="doLogin" time="0.000"/>
  <system-out/>
  <testcase classname="dependenciesTest.TestCase1" name="homePage" time="0.001"/>
  <system-out/>
  <testcase classname="dependenciesTest.TestCase1" name="productCatalogPage" time="0.001"/>
  <system-out/>
</testsuite> <!-- dependenciesTest.TestCase1 -->
