<?xml version="1.0" encoding="UTF-8"?>
<!-- Generated by org.testng.reporters.JUnitReportReporter -->
<testsuite hostname="DESKTOP-NV5OIPA" failures="0" tests="3" name="annotationsTest.AnnotationSeqeunces" time="0.032" errors="0" timestamp="2022-05-18T22:42:22 IST" skipped="0">
  <testcase classname="annotationsTest.AnnotationSeqeunces" name="test1" time="0.011"/>
  <system-out/>
  <testcase classname="annotationsTest.AnnotationSeqeunces" name="test2" time="0.015"/>
  <system-out/>
  <testcase classname="annotationsTest.AnnotationSeqeunces" name="test3" time="0.006"/>
  <system-out/>
</testsuite> <!-- annotationsTest.AnnotationSeqeunces -->
