<?xml version="1.0" encoding="UTF-8"?>
<!-- Generated by org.testng.reporters.JUnitReportReporter -->
<testsuite hostname="LAPTOP-17EBEQJ6" failures="0" tests="6" name="parameterizationTest.TestParameterizationExcel" time="0.011" errors="0" timestamp="2023-01-07T23:11:26 IST" skipped="0">
  <testcase classname="parameterizationTest.TestParameterizationExcel" name="doLogin" time="0.001"/>
  <system-out/>
  <testcase classname="parameterizationTest.TestParameterizationExcel" name="doLogin" time="0.006"/>
  <system-out/>
  <testcase classname="parameterizationTest.TestParameterizationExcel" name="doLogin" time="0.001"/>
  <system-out/>
  <testcase classname="parameterizationTest.TestParameterizationExcel" name="doLogin" time="0.002"/>
  <system-out/>
  <testcase classname="parameterizationTest.TestParameterizationExcel" name="doLogin" time="0.001"/>
  <system-out/>
  <testcase classname="parameterizationTest.TestParameterizationExcel" name="doLogin" time="0.000"/>
  <system-out/>
</testsuite> <!-- parameterizationTest.TestParameterizationExcel -->
