<?xml version="1.0" encoding="UTF-8"?>
<!-- Generated by org.testng.reporters.JUnitReportReporter -->
<testsuite hostname="LAPTOP-17EBEQJ6" failures="0" tests="3" name="annotationsTest.AnnotationSeqeunces" time="0.008" errors="0" timestamp="2023-01-07T20:58:03 IST" skipped="0">
  <testcase classname="annotationsTest.AnnotationSeqeunces" name="test1" time="0.006"/>
  <system-out/>
  <testcase classname="annotationsTest.AnnotationSeqeunces" name="test2" time="0.002"/>
  <system-out/>
  <testcase classname="annotationsTest.AnnotationSeqeunces" name="test3" time="0.000"/>
  <system-out/>
</testsuite> <!-- annotationsTest.AnnotationSeqeunces -->
