<?xml version="1.0" encoding="UTF-8"?>
<!-- Generated by org.testng.reporters.JUnitReportReporter -->
<testsuite hostname="DESKTOP-NV5OIPA" failures="0" tests="1" name="forcefullySkipTestCases.TestCase1" time="0.013" errors="0" timestamp="2022-05-20T16:32:34 IST" skipped="1">
  <testcase classname="forcefullySkipTestCases.TestCase1" name="isSkipped" time="0.013">
    <skipped/>
  </testcase> <!-- isSkipped -->
  <system-out/>
</testsuite> <!-- forcefullySkipTestCases.TestCase1 -->
