<?xml version="1.0" encoding="UTF-8"?>
<!-- Generated by org.testng.reporters.JUnitReportReporter -->
<testsuite hostname="LAPTOP-17EBEQJ6" failures="0" tests="3" name="annotationsTest.TestCase1" time="0.004" errors="0" timestamp="2023-01-07T20:58:03 IST" skipped="0">
  <testcase classname="annotationsTest.TestCase1" name="doRegister" time="0.001"/>
  <system-out/>
  <testcase classname="annotationsTest.TestCase1" name="doLogin" time="0.002"/>
  <system-out/>
  <testcase classname="annotationsTest.TestCase1" name="doHomePage" time="0.001"/>
  <system-out/>
</testsuite> <!-- annotationsTest.TestCase1 -->
