<?xml version="1.0" encoding="UTF-8"?>
<!-- Generated by org.testng.reporters.JUnitReportReporter -->
<testsuite hostname="LAPTOP-17EBEQJ6" failures="0" tests="6" name="parameterizationTest.TestParameterizationHashTable" time="0.010" errors="0" timestamp="2023-01-07T23:26:33 IST" skipped="0">
  <testcase classname="parameterizationTest.TestParameterizationHashTable" name="doLogin" time="0.000"/>
  <system-out/>
  <testcase classname="parameterizationTest.TestParameterizationHashTable" name="doLogin" time="0.001"/>
  <system-out/>
  <testcase classname="parameterizationTest.TestParameterizationHashTable" name="doLogin" time="0.001"/>
  <system-out/>
  <testcase classname="parameterizationTest.TestParameterizationHashTable" name="doLogin" time="0.000"/>
  <system-out/>
  <testcase classname="parameterizationTest.TestParameterizationHashTable" name="doLogin" time="0.007"/>
  <system-out/>
  <testcase classname="parameterizationTest.TestParameterizationHashTable" name="doLogin" time="0.001"/>
  <system-out/>
</testsuite> <!-- parameterizationTest.TestParameterizationHashTable -->
