<?xml version="1.0" encoding="UTF-8"?>
<!-- Generated by org.testng.reporters.JUnitReportReporter -->
<testsuite hostname="DESKTOP-NV5OIPA" failures="0" tests="5" name="groupsTest.TestCase1" time="0.020" errors="0" timestamp="2022-05-19T01:06:12 IST" skipped="0">
  <testcase classname="groupsTest.TestCase1" name="test2" time="0.011"/>
  <system-out/>
  <testcase classname="groupsTest.TestCase1" name="test4" time="0.003"/>
  <system-out/>
  <testcase classname="groupsTest.TestCase1" name="test6" time="0.003"/>
  <system-out/>
  <testcase classname="groupsTest.TestCase1" name="test7" time="0.002"/>
  <system-out/>
  <testcase classname="groupsTest.TestCase1" name="test8" time="0.001"/>
  <system-out/>
</testsuite> <!-- groupsTest.TestCase1 -->
