<?xml version="1.0" encoding="UTF-8"?>
<!-- Generated by org.testng.reporters.JUnitReportReporter -->
<testsuite hostname="DESKTOP-NV5OIPA" failures="0" tests="3" name="annotationsTest.AnnotationSeqeunces" time="0.021" errors="0" timestamp="2022-05-19T01:25:00 IST" skipped="0">
  <testcase classname="annotationsTest.AnnotationSeqeunces" name="test1" time="0.012"/>
  <system-out/>
  <testcase classname="annotationsTest.AnnotationSeqeunces" name="test2" time="0.005"/>
  <system-out/>
  <testcase classname="annotationsTest.AnnotationSeqeunces" name="test3" time="0.004"/>
  <system-out/>
</testsuite> <!-- annotationsTest.AnnotationSeqeunces -->
