<?xml version="1.0" encoding="UTF-8"?>
<!-- Generated by org.testng.reporters.JUnitReportReporter -->
<testsuite hostname="DESKTOP-NV5OIPA" failures="0" tests="3" name="regressionTest.TestCase1" time="0.014" errors="0" timestamp="2022-05-18T22:59:24 IST" skipped="0">
  <testcase classname="regressionTest.TestCase1" name="test1" time="0.004"/>
  <system-out/>
  <testcase classname="regressionTest.TestCase1" name="test2" time="0.005"/>
  <system-out/>
  <testcase classname="regressionTest.TestCase1" name="test3" time="0.005"/>
  <system-out/>
</testsuite> <!-- regressionTest.TestCase1 -->
