<?xml version="1.0" encoding="UTF-8"?>
<!-- Generated by org.testng.reporters.JUnitReportReporter -->
<testsuite hostname="DESKTOP-NV5OIPA" failures="0" tests="2" name="regressionTest.TestCase2" time="0.026" errors="0" timestamp="2022-05-18T22:59:24 IST" skipped="0">
  <testcase classname="regressionTest.TestCase2" name="test1" time="0.001"/>
  <system-out/>
  <testcase classname="regressionTest.TestCase2" name="test2" time="0.025"/>
  <system-out/>
</testsuite> <!-- regressionTest.TestCase2 -->
